<?xml version="1.0" encoding="UTF-8"?>
<testng-results skipped="0" failed="0" total="1" passed="1">
  <reporter-output>
  </reporter-output>
  <suite name="MySuite" duration-ms="71" started-at="2019-06-03T18:07:07Z" finished-at="2019-06-03T18:07:07Z">
    <groups>
    </groups>
    <test name="MyTest" duration-ms="71" started-at="2019-06-03T18:07:07Z" finished-at="2019-06-03T18:07:07Z">
      <class name="testNGpractice.SampleClass">
        <test-method status="PASS" signature="setUp()[pri:0, instance:testNGpractice.SampleClass@6824be]" name="setUp" is-config="true" duration-ms="17" started-at="2019-06-03T23:37:07Z" finished-at="2019-06-03T23:37:07Z">
          <reporter-output>
          </reporter-output>
        </test-method> <!-- setUp -->
        <test-method status="PASS" signature="test1()[pri:0, instance:testNGpractice.SampleClass@6824be]" name="test1" duration-ms="0" started-at="2019-06-03T23:37:07Z" finished-at="2019-06-03T23:37:07Z">
          <reporter-output>
          </reporter-output>
        </test-method> <!-- test1 -->
      </class> <!-- testNGpractice.SampleClass -->
    </test> <!-- MyTest -->
  </suite> <!-- MySuite -->
</testng-results>
